[2023-05-20T04:48:42.114656+00:00] database.ERROR: Test error ["aaa","bbb"] []
[2023-05-20T04:55:56.200620+00:00] database.ERROR: EEEE [] []
[2023-05-20T05:54:48.088619+00:00] database.ERROR: Admin logged in [] []
[2023-05-20T05:55:15.576811+00:00] database.ERROR: Admin logged in [] []
[2023-05-20T05:57:32.606427+00:00] error.ERROR: Admin login successful [] []
[2023-05-20T05:58:02.671293+00:00] error.INFO: Admin login successful [] []
[2023-05-20T10:08:09.489457+00:00] Error.ERROR: Class Scern\Lira\Modules\Catalogs !exists ["[object] (Exception(code: 500): Class Scern\\Lira\\Modules\\Catalogs !exists at /www/scern.ru/lira/Router.php:35)"] []
[2023-05-20T10:09:07.096432+00:00] Error.ERROR: Class Scern\Lira\Modules\Catalogs !exists [500] []
[2023-05-20T10:09:29.513762+00:00] Error.ERROR: Method change !exists in Class Scern\Lira\Modules\Catalog [500] []
[2023-05-20T10:12:44.779454+00:00] Error.ERROR: Class Scern\Lira\Modules\Catalog2 !exists [500] []
[2023-05-20T10:16:18.574356+00:00] Error.ERROR: Class Scern\Lira\Modules\Catalog2 !exists [500] []
[2023-05-20T10:25:44.321509+00:00] Error.ERROR: Class Scern\Lira\Modules\Catalog2 !exists [500] []
[2023-05-21T03:35:14.682316+00:00] Error.ERROR: MongoDB config file Array invalid [500] []
[2023-05-22T03:37:31.291639+00:00] Error.ERROR: View template not defined [400] []
[2023-05-22T11:47:56.854098+00:00] Error.ERROR: Controller Scern\Lira\Modules\Admin\User !executable [500] []
[2023-05-22T11:48:02.154020+00:00] Error.ERROR: Controller Scern\Lira\Modules\Admin\User !executable [500] []
[2023-05-22T11:48:19.160410+00:00] Error.ERROR: Controller Scern\Lira\Modules\Admin\User !executable [500] []
[2023-05-22T11:48:19.690360+00:00] Error.ERROR: Controller Scern\Lira\Modules\Admin\User !executable [500] []
[2023-05-22T11:50:07.588832+00:00] Error.ERROR: Controller Scern\Lira\Modules\Admin\User !executable [500] []
[2023-05-22T11:52:32.563920+00:00] Error.ERROR: Controller Scern\Lira\Modules\Admin\User !executable [500] []
[2023-06-04T21:56:33.829632+00:00] Error.ERROR: View template not defined [400] []
[2023-06-04T21:57:03.269632+00:00] Error.ERROR: View template not defined [400] []
[2023-06-08T08:24:53.695740+00:00] Error.ERROR: Test message 8038 [] []
[2023-06-08T08:25:03.668975+00:00] Error.ERROR: Test message 8754 [] []
[2023-06-08T08:25:04.372342+00:00] Error.ERROR: Test message 2112 [] []
[2023-06-08T08:25:05.102259+00:00] Error.ERROR: Test message 8789 [] []
[2023-06-09T05:21:34.550573+00:00] Error.ERROR: Error page opened [{"Scern\\Lira\\Event":{"source":null,"event_name":"needToLog","message":"Error page opened","code":0,"params":[]}}] []
[2023-06-09T05:31:30.959958+00:00] Error.ERROR: Error page opened [{"Scern\\Lira\\Event":{"source":null,"event_name":"needToLog","message":"Error page opened","code":0,"params":[]}}] []
[2023-06-09T05:38:30.382010+00:00] Error.ERROR: Error page opened [{"Scern\\Lira\\Event":{"source":null,"event_name":"needToLog","message":"Error page opened","code":0,"params":[]}}] []
[2023-06-09T07:32:03.636523+00:00] Error.ERROR: Logged in check session|DB [] []
[2023-06-09T07:32:03.636991+00:00] Error.ERROR: Logged in check session|DB [] []
[2023-06-09T07:32:13.526260+00:00] Error.ERROR: Logged in check session|DB [] []
[2023-06-09T07:32:13.527188+00:00] Error.ERROR: Logged in check session|DB [] []
[2023-06-09T07:32:24.334071+00:00] Error.ERROR: Logged in check session|DB [] []
[2023-06-09T07:32:24.334809+00:00] Error.ERROR: Logged in check session|DB [] []
[2023-06-09T07:33:17.051151+00:00] Error.ERROR: Logged in check session|DB [] []
[2023-06-09T07:33:17.051924+00:00] Error.ERROR: Logged in check session|DB [] []
[2023-06-09T07:33:18.467335+00:00] Error.ERROR: Logged in check session|DB [] []
[2023-06-09T07:33:18.468634+00:00] Error.ERROR: Logged in check session|DB [] []
[2023-06-09T07:33:19.779331+00:00] Error.ERROR: Logged in check session|DB [] []
[2023-06-09T07:33:19.780654+00:00] Error.ERROR: Logged in check session|DB [] []
[2023-06-09T07:34:09.469903+00:00] Error.ERROR: Logged in check session|DB [] []
[2023-06-09T07:34:09.470854+00:00] Error.ERROR: Logged in return true [] []
[2023-06-09T07:34:16.112916+00:00] Error.ERROR: Logged in check session|DB [] []
[2023-06-09T07:34:16.113600+00:00] Error.ERROR: Logged in return true [] []
[2023-06-09T07:34:43.921539+00:00] Error.ERROR: Logged in check session|DB [] []
[2023-06-09T07:34:43.923004+00:00] Error.ERROR: Logged in return true [] []
[2023-06-09T07:34:43.923310+00:00] Error.ERROR: Logged in return true [] []
[2023-06-09T15:52:22.999643+00:00] Error.ERROR: Error page opened [{"Scern\\Lira\\Event":{"source":null,"event_name":"needToLog","message":"Error page opened","code":0,"params":[]}}] []
[2023-06-09T15:52:24.518651+00:00] Error.ERROR: Error page opened [{"Scern\\Lira\\Event":{"source":null,"event_name":"needToLog","message":"Error page opened","code":0,"params":[]}}] []
[2023-06-09T15:52:28.770617+00:00] Error.ERROR: Error page opened [{"Scern\\Lira\\Event":{"source":null,"event_name":"needToLog","message":"Error page opened","code":0,"params":[]}}] []
[2023-06-09T15:53:18.455533+00:00] Error.ERROR: Error page opened [{"Scern\\Lira\\Event":{"source":null,"event_name":"needToLog","message":"Error page opened","code":0,"params":[]}}] []
[2023-06-09T15:53:20.302967+00:00] Error.ERROR: Error page opened [{"Scern\\Lira\\Event":{"source":null,"event_name":"needToLog","message":"Error page opened","code":0,"params":[]}}] []
[2023-06-09T15:54:10.421854+00:00] Error.ERROR: Error page opened [{"Scern\\Lira\\Event":{"source":null,"event_name":"needToLog","message":"Error page opened","code":0,"params":[]}}] []
[2023-06-09T15:54:11.915590+00:00] Error.ERROR: Error page opened [{"Scern\\Lira\\Event":{"source":null,"event_name":"needToLog","message":"Error page opened","code":0,"params":[]}}] []
[2023-06-09T15:54:12.488094+00:00] Error.ERROR: Error page opened [{"Scern\\Lira\\Event":{"source":null,"event_name":"needToLog","message":"Error page opened","code":0,"params":[]}}] []
[2023-06-09T15:54:13.435406+00:00] Error.ERROR: Error page opened [{"Scern\\Lira\\Event":{"source":null,"event_name":"needToLog","message":"Error page opened","code":0,"params":[]}}] []
[2023-06-09T15:54:41.014444+00:00] Error.ERROR: Error page opened [{"Scern\\Lira\\Event":{"source":null,"event_name":"needToLog","message":"Error page opened","code":0,"params":[]}}] []
[2023-06-09T15:55:13.439909+00:00] Error.ERROR: Error page opened [{"Scern\\Lira\\Event":{"source":null,"event_name":"needToLog","message":"Error page opened","code":0,"params":[]}}] []
[2023-06-09T15:55:34.018030+00:00] Error.ERROR: Error page opened [{"Scern\\Lira\\Event":{"source":null,"event_name":"needToLog","message":"Error page opened","code":0,"params":[]}}] []
[2023-06-09T15:56:29.001995+00:00] Error.ERROR: Error page opened [{"Scern\\Lira\\Event":{"source":null,"event_name":"needToLog","message":"Error page opened","code":0,"params":[]}}] []
[2023-06-09T15:56:48.365580+00:00] Error.ERROR: Error page opened [{"Scern\\Lira\\Event":{"source":null,"event_name":"needToLog","message":"Error page opened","code":0,"params":[]}}] []
[2023-06-09T16:22:35.644639+00:00] Error.ERROR: Error page opened [{"Scern\\Lira\\Event":{"source":null,"event_name":"needToLog","message":"Error page opened","code":0,"params":[]}}] []
[2023-06-09T16:41:26.959591+00:00] Error.ERROR: Error page opened [{"Scern\\Lira\\Event":{"source":null,"event_name":"needToLog","message":"Error page opened","code":0,"params":[]}}] []
[2023-06-10T00:40:53.853250+00:00] Error.ERROR: Error page opened [{"Scern\\Lira\\Event":{"source":null,"event_name":"needToLog","message":"Error page opened","code":0,"params":[]}}] []
[2023-06-10T00:47:02.880748+00:00] Error.ERROR: Error page opened [{"Scern\\Lira\\Event":{"source":null,"event_name":"needToLog","message":"Error page opened","code":0,"params":[]}}] []
[2023-06-10T00:51:38.944596+00:00] Error.ERROR: Error page opened [{"Scern\\Lira\\Event":{"source":null,"event_name":"needToLog","message":"Error page opened","code":0,"params":[]}}] []
[2023-06-14T18:43:48.251331+00:00] Error.ERROR: Error page opened [{"Scern\\Lira\\Event":{"source":null,"event_name":"needToLog","message":"Error page opened","code":0,"params":[]}}] []
[2023-06-14T18:43:51.197251+00:00] Error.ERROR: Error page opened [{"Scern\\Lira\\Event":{"source":null,"event_name":"needToLog","message":"Error page opened","code":0,"params":[]}}] []
[2023-06-16T19:27:37.829325+00:00] Error.ERROR: Error page opened [{"Scern\\Lira\\Event":{"source":null,"event_name":"needToLog","message":"Error page opened","code":0,"params":[]}}] []
[2023-06-16T19:27:38.764312+00:00] Error.ERROR: Error page opened [{"Scern\\Lira\\Event":{"source":null,"event_name":"needToLog","message":"Error page opened","code":0,"params":[]}}] []
[2023-06-16T19:27:45.162175+00:00] Error.ERROR: Error page opened [{"Scern\\Lira\\Event":{"source":null,"event_name":"needToLog","message":"Error page opened","code":0,"params":[]}}] []
[2023-06-16T19:33:07.633051+00:00] Error.ERROR: Error page opened [{"Scern\\Lira\\Event":{"source":null,"event_name":"needToLog","message":"Error page opened","code":0,"params":[]}}] []
[2023-06-16T19:33:57.830242+00:00] Error.ERROR: Error page opened [{"Scern\\Lira\\Event":{"source":null,"event_name":"needToLog","message":"Error page opened","code":0,"params":[]}}] []
[2023-06-16T19:34:00.652303+00:00] Error.ERROR: Error page opened [{"Scern\\Lira\\Event":{"source":null,"event_name":"needToLog","message":"Error page opened","code":0,"params":[]}}] []
[2023-06-16T19:34:02.712133+00:00] Error.ERROR: Error page opened [{"Scern\\Lira\\Event":{"source":null,"event_name":"needToLog","message":"Error page opened","code":0,"params":[]}}] []
[2023-06-16T19:47:19.842931+00:00] Error.ERROR: Error page opened [{"Scern\\Lira\\Event":{"source":null,"event_name":"needToLog","message":"Error page opened","code":0,"params":[]}}] []
[2023-06-16T19:47:22.488784+00:00] Error.ERROR: Error page opened [{"Scern\\Lira\\Event":{"source":null,"event_name":"needToLog","message":"Error page opened","code":0,"params":[]}}] []
[2023-06-16T19:47:30.589328+00:00] Error.ERROR: Error page opened [{"Scern\\Lira\\Event":{"source":null,"event_name":"needToLog","message":"Error page opened","code":0,"params":[]}}] []
[2023-06-16T19:47:32.912140+00:00] Error.ERROR: Error page opened [{"Scern\\Lira\\Event":{"source":null,"event_name":"needToLog","message":"Error page opened","code":0,"params":[]}}] []
[2023-06-16T19:47:35.314033+00:00] Error.ERROR: Error page opened [{"Scern\\Lira\\Event":{"source":null,"event_name":"needToLog","message":"Error page opened","code":0,"params":[]}}] []
[2023-06-16T19:47:35.583694+00:00] Error.ERROR: Error page opened [{"Scern\\Lira\\Event":{"source":null,"event_name":"needToLog","message":"Error page opened","code":0,"params":[]}}] []
[2023-06-16T21:23:59.566694+00:00] Error.ERROR: Error page opened [{"Scern\\Lira\\Event":{"source":null,"event_name":"needToLog","message":"Error page opened","code":0,"params":[]}}] []
[2023-06-16T21:24:03.521138+00:00] Error.ERROR: Error page opened [{"Scern\\Lira\\Event":{"source":null,"event_name":"needToLog","message":"Error page opened","code":0,"params":[]}}] []
[2023-06-16T21:24:05.587395+00:00] Error.ERROR: Error page opened [{"Scern\\Lira\\Event":{"source":null,"event_name":"needToLog","message":"Error page opened","code":0,"params":[]}}] []
[2023-06-16T21:39:49.133973+00:00] Error.ERROR: Error page opened [{"Scern\\Lira\\Event":{"source":null,"event_name":"needToLog","message":"Error page opened","code":0,"params":[]}}] []
[2023-06-16T21:39:51.845747+00:00] Error.ERROR: Error page opened [{"Scern\\Lira\\Event":{"source":null,"event_name":"needToLog","message":"Error page opened","code":0,"params":[]}}] []
[2023-06-16T21:40:00.930236+00:00] Error.ERROR: Error page opened [{"Scern\\Lira\\Event":{"source":null,"event_name":"needToLog","message":"Error page opened","code":0,"params":[]}}] []
[2023-06-16T21:40:03.913215+00:00] Error.ERROR: Error page opened [{"Scern\\Lira\\Event":{"source":null,"event_name":"needToLog","message":"Error page opened","code":0,"params":[]}}] []
[2023-06-16T21:40:04.106559+00:00] Error.ERROR: Error page opened [{"Scern\\Lira\\Event":{"source":null,"event_name":"needToLog","message":"Error page opened","code":0,"params":[]}}] []
[2023-06-16T22:15:48.556763+00:00] Error.ERROR: Error page opened [{"Scern\\Lira\\Event":{"source":null,"event_name":"needToLog","message":"Error page opened","code":0,"params":[]}}] []
[2023-06-16T23:17:22.893185+00:00] Error.ERROR: Error page opened [{"Scern\\Lira\\Event":{"source":null,"event_name":"needToLog","message":"Error page opened","code":0,"params":[]}}] []
[2023-06-16T23:17:24.963918+00:00] Error.ERROR: Error page opened [{"Scern\\Lira\\Event":{"source":null,"event_name":"needToLog","message":"Error page opened","code":0,"params":[]}}] []
[2023-06-16T23:18:29.653409+00:00] Error.ERROR: Error page opened [{"Scern\\Lira\\Event":{"source":null,"event_name":"needToLog","message":"Error page opened","code":0,"params":[]}}] []
[2023-06-16T23:18:38.666562+00:00] Error.ERROR: Error page opened [{"Scern\\Lira\\Event":{"source":null,"event_name":"needToLog","message":"Error page opened","code":0,"params":[]}}] []
[2023-06-16T23:18:41.570349+00:00] Error.ERROR: Error page opened [{"Scern\\Lira\\Event":{"source":null,"event_name":"needToLog","message":"Error page opened","code":0,"params":[]}}] []
[2023-06-16T23:20:44.301679+00:00] Error.ERROR: Error page opened [{"Scern\\Lira\\Event":{"source":null,"event_name":"needToLog","message":"Error page opened","code":0,"params":[]}}] []
[2023-06-16T23:50:32.171773+00:00] Error.ERROR: Error page opened [{"Scern\\Lira\\Event":{"source":null,"event_name":"needToLog","message":"Error page opened","code":0,"params":[]}}] []
[2023-06-16T23:50:43.052254+00:00] Error.ERROR: Error page opened [{"Scern\\Lira\\Event":{"source":null,"event_name":"needToLog","message":"Error page opened","code":0,"params":[]}}] []
[2023-06-17T00:05:13.179056+00:00] Error.ERROR: Error page opened [{"Scern\\Lira\\Event":{"source":null,"event_name":"needToLog","message":"Error page opened","code":0,"params":[]}}] []
[2023-06-17T00:06:50.964041+00:00] Error.ERROR: Error page opened [{"Scern\\Lira\\Event":{"source":null,"event_name":"needToLog","message":"Error page opened","code":0,"params":[]}}] []
[2023-06-17T00:15:43.849363+00:00] Error.ERROR: Error page opened [{"Scern\\Lira\\Event":{"source":null,"event_name":"needToLog","message":"Error page opened","code":0,"params":[]}}] []
[2023-06-17T01:05:45.526396+00:00] Error.ERROR: Error page opened [{"Scern\\Lira\\Event":{"source":null,"event_name":"needToLog","message":"Error page opened","code":0,"params":[]}}] []
[2023-06-17T02:07:00.980752+00:00] Error.ERROR: Error page opened [{"Scern\\Lira\\Event":{"source":null,"event_name":"needToLog","message":"Error page opened","code":0,"params":[]}}] []
[2023-06-17T02:11:01.720895+00:00] Error.ERROR: Error page opened [{"Scern\\Lira\\Event":{"source":null,"event_name":"needToLog","message":"Error page opened","code":0,"params":[]}}] []
[2023-06-17T03:22:02.586076+00:00] Error.ERROR: Error page opened [{"Scern\\Lira\\Event":{"source":null,"event_name":"needToLog","message":"Error page opened","code":0,"params":[]}}] []
[2023-06-17T03:47:28.050730+00:00] Error.ERROR: Error page opened [{"Scern\\Lira\\Event":{"source":null,"event_name":"needToLog","message":"Error page opened","code":0,"params":[]}}] []
[2023-06-17T03:47:30.601845+00:00] Error.ERROR: Error page opened [{"Scern\\Lira\\Event":{"source":null,"event_name":"needToLog","message":"Error page opened","code":0,"params":[]}}] []
[2023-06-17T04:32:45.585326+00:00] Error.ERROR: Error page opened [{"Scern\\Lira\\Event":{"source":null,"event_name":"needToLog","message":"Error page opened","code":0,"params":[]}}] []
[2023-06-17T04:39:12.129544+00:00] Error.ERROR: Error page opened [{"Scern\\Lira\\Event":{"source":null,"event_name":"needToLog","message":"Error page opened","code":0,"params":[]}}] []
[2023-06-17T04:39:18.276112+00:00] Error.ERROR: Error page opened [{"Scern\\Lira\\Event":{"source":null,"event_name":"needToLog","message":"Error page opened","code":0,"params":[]}}] []
[2023-06-17T04:39:36.082251+00:00] Error.ERROR: Error page opened [{"Scern\\Lira\\Event":{"source":null,"event_name":"needToLog","message":"Error page opened","code":0,"params":[]}}] []
[2023-06-17T04:41:43.759189+00:00] Error.ERROR: Error page opened [{"Scern\\Lira\\Event":{"source":null,"event_name":"needToLog","message":"Error page opened","code":0,"params":[]}}] []
[2023-06-17T04:43:58.896425+00:00] Error.ERROR: Error page opened [{"Scern\\Lira\\Event":{"source":null,"event_name":"needToLog","message":"Error page opened","code":0,"params":[]}}] []
[2023-06-17T04:44:11.759710+00:00] Error.ERROR: Error page opened [{"Scern\\Lira\\Event":{"source":null,"event_name":"needToLog","message":"Error page opened","code":0,"params":[]}}] []
[2023-06-17T04:44:14.876549+00:00] Error.ERROR: Error page opened [{"Scern\\Lira\\Event":{"source":null,"event_name":"needToLog","message":"Error page opened","code":0,"params":[]}}] []
[2023-06-17T04:44:16.184203+00:00] Error.ERROR: Error page opened [{"Scern\\Lira\\Event":{"source":null,"event_name":"needToLog","message":"Error page opened","code":0,"params":[]}}] []
[2023-06-17T04:44:16.852208+00:00] Error.ERROR: Error page opened [{"Scern\\Lira\\Event":{"source":null,"event_name":"needToLog","message":"Error page opened","code":0,"params":[]}}] []
[2023-06-17T04:44:17.955030+00:00] Error.ERROR: Error page opened [{"Scern\\Lira\\Event":{"source":null,"event_name":"needToLog","message":"Error page opened","code":0,"params":[]}}] []
[2023-06-17T04:44:19.058826+00:00] Error.ERROR: Error page opened [{"Scern\\Lira\\Event":{"source":null,"event_name":"needToLog","message":"Error page opened","code":0,"params":[]}}] []
[2023-06-17T04:44:19.877371+00:00] Error.ERROR: Error page opened [{"Scern\\Lira\\Event":{"source":null,"event_name":"needToLog","message":"Error page opened","code":0,"params":[]}}] []
[2023-06-17T04:44:20.709153+00:00] Error.ERROR: Error page opened [{"Scern\\Lira\\Event":{"source":null,"event_name":"needToLog","message":"Error page opened","code":0,"params":[]}}] []
[2023-06-17T04:44:21.310439+00:00] Error.ERROR: Error page opened [{"Scern\\Lira\\Event":{"source":null,"event_name":"needToLog","message":"Error page opened","code":0,"params":[]}}] []
[2023-06-17T04:44:22.160837+00:00] Error.ERROR: Error page opened [{"Scern\\Lira\\Event":{"source":null,"event_name":"needToLog","message":"Error page opened","code":0,"params":[]}}] []
[2023-06-17T04:44:22.936700+00:00] Error.ERROR: Error page opened [{"Scern\\Lira\\Event":{"source":null,"event_name":"needToLog","message":"Error page opened","code":0,"params":[]}}] []
[2023-06-17T04:44:24.145812+00:00] Error.ERROR: Error page opened [{"Scern\\Lira\\Event":{"source":null,"event_name":"needToLog","message":"Error page opened","code":0,"params":[]}}] []
[2023-06-17T04:44:24.704144+00:00] Error.ERROR: Error page opened [{"Scern\\Lira\\Event":{"source":null,"event_name":"needToLog","message":"Error page opened","code":0,"params":[]}}] []
[2023-06-17T04:44:25.215945+00:00] Error.ERROR: Error page opened [{"Scern\\Lira\\Event":{"source":null,"event_name":"needToLog","message":"Error page opened","code":0,"params":[]}}] []
[2023-06-17T05:15:54.435002+00:00] Error.ERROR: Error page opened [{"Scern\\Lira\\Event":{"source":null,"event_name":"needToLog","message":"Error page opened","code":0,"params":[]}}] []
[2023-06-17T05:30:47.016778+00:00] Error.ERROR: Error page opened [{"Scern\\Lira\\Event":{"source":null,"event_name":"needToLog","message":"Error page opened","code":0,"params":[]}}] []
[2023-06-17T05:45:07.633265+00:00] Error.ERROR: Error page opened [{"Scern\\Lira\\Event":{"source":null,"event_name":"needToLog","message":"Error page opened","code":0,"params":[]}}] []
[2023-06-17T05:48:57.556020+00:00] Error.ERROR: Error page opened [{"Scern\\Lira\\Event":{"source":null,"event_name":"needToLog","message":"Error page opened","code":0,"params":[]}}] []
[2023-06-17T05:51:50.496019+00:00] Error.ERROR: Error page opened [{"Scern\\Lira\\Event":{"source":null,"event_name":"needToLog","message":"Error page opened","code":0,"params":[]}}] []
[2023-06-17T05:51:52.156268+00:00] Error.ERROR: Error page opened [{"Scern\\Lira\\Event":{"source":null,"event_name":"needToLog","message":"Error page opened","code":0,"params":[]}}] []
[2023-06-17T05:51:52.814356+00:00] Error.ERROR: Error page opened [{"Scern\\Lira\\Event":{"source":null,"event_name":"needToLog","message":"Error page opened","code":0,"params":[]}}] []
[2023-06-17T05:51:53.318305+00:00] Error.ERROR: Error page opened [{"Scern\\Lira\\Event":{"source":null,"event_name":"needToLog","message":"Error page opened","code":0,"params":[]}}] []
[2023-06-17T05:51:53.741323+00:00] Error.ERROR: Error page opened [{"Scern\\Lira\\Event":{"source":null,"event_name":"needToLog","message":"Error page opened","code":0,"params":[]}}] []
[2023-06-17T05:51:57.236019+00:00] Error.ERROR: Error page opened [{"Scern\\Lira\\Event":{"source":null,"event_name":"needToLog","message":"Error page opened","code":0,"params":[]}}] []
[2023-06-17T05:52:04.336195+00:00] Error.ERROR: Error page opened [{"Scern\\Lira\\Event":{"source":null,"event_name":"needToLog","message":"Error page opened","code":0,"params":[]}}] []
[2023-06-17T05:52:46.340633+00:00] Error.ERROR: Error page opened [{"Scern\\Lira\\Event":{"source":null,"event_name":"needToLog","message":"Error page opened","code":0,"params":[]}}] []
[2023-06-17T06:48:34.405797+00:00] Error.ERROR: Error page opened [{"Scern\\Lira\\Event":{"source":null,"event_name":"needToLog","message":"Error page opened","code":0,"params":[]}}] []
[2023-06-17T06:49:23.892026+00:00] Error.ERROR: Error page opened [{"Scern\\Lira\\Event":{"source":null,"event_name":"needToLog","message":"Error page opened","code":0,"params":[]}}] []
[2023-06-17T06:56:09.634079+00:00] Error.ERROR: Error page opened [{"Scern\\Lira\\Event":{"source":null,"event_name":"needToLog","message":"Error page opened","code":0,"params":[]}}] []
[2023-06-17T06:56:27.686535+00:00] Error.ERROR: Error page opened [{"Scern\\Lira\\Event":{"source":null,"event_name":"needToLog","message":"Error page opened","code":0,"params":[]}}] []
[2023-06-17T06:56:28.548393+00:00] Error.ERROR: Error page opened [{"Scern\\Lira\\Event":{"source":null,"event_name":"needToLog","message":"Error page opened","code":0,"params":[]}}] []
[2023-06-17T07:16:36.901625+00:00] Error.ERROR: Error page opened [{"Scern\\Lira\\Event":{"source":null,"event_name":"needToLog","message":"Error page opened","code":0,"params":[]}}] []
[2023-06-17T07:20:45.722769+00:00] Error.ERROR: Error page opened [{"Scern\\Lira\\Event":{"source":null,"event_name":"needToLog","message":"Error page opened","code":0,"params":[]}}] []
[2023-06-17T07:20:47.223786+00:00] Error.ERROR: Error page opened [{"Scern\\Lira\\Event":{"source":null,"event_name":"needToLog","message":"Error page opened","code":0,"params":[]}}] []
[2023-06-17T07:20:49.346579+00:00] Error.ERROR: Error page opened [{"Scern\\Lira\\Event":{"source":null,"event_name":"needToLog","message":"Error page opened","code":0,"params":[]}}] []
[2023-06-17T07:21:05.083595+00:00] Error.ERROR: Error page opened [{"Scern\\Lira\\Event":{"source":null,"event_name":"needToLog","message":"Error page opened","code":0,"params":[]}}] []
[2023-06-17T07:21:41.695890+00:00] Error.ERROR: Error page opened [{"Scern\\Lira\\Event":{"source":null,"event_name":"needToLog","message":"Error page opened","code":0,"params":[]}}] []
[2023-06-17T07:22:05.045897+00:00] Error.ERROR: Error page opened [{"Scern\\Lira\\Event":{"source":null,"event_name":"needToLog","message":"Error page opened","code":0,"params":[]}}] []
[2023-06-17T08:14:09.539669+00:00] Error.ERROR: Error page opened [{"Scern\\Lira\\Event":{"source":null,"event_name":"needToLog","message":"Error page opened","code":0,"params":[]}}] []
[2023-06-17T08:48:45.206464+00:00] Error.ERROR: Error page opened [{"Scern\\Lira\\Event":{"source":null,"event_name":"needToLog","message":"Error page opened","code":0,"params":[]}}] []
[2023-06-17T09:11:28.995423+00:00] Error.ERROR: Error page opened [{"Scern\\Lira\\Event":{"source":null,"event_name":"needToLog","message":"Error page opened","code":0,"params":[]}}] []
[2023-06-17T09:15:22.705751+00:00] Error.ERROR: Error page opened [{"Scern\\Lira\\Event":{"source":null,"event_name":"needToLog","message":"Error page opened","code":0,"params":[]}}] []
[2023-06-17T09:15:47.258068+00:00] Error.ERROR: Error page opened [{"Scern\\Lira\\Event":{"source":null,"event_name":"needToLog","message":"Error page opened","code":0,"params":[]}}] []
[2023-06-17T09:15:47.885744+00:00] Error.ERROR: Error page opened [{"Scern\\Lira\\Event":{"source":null,"event_name":"needToLog","message":"Error page opened","code":0,"params":[]}}] []
[2023-06-17T09:15:48.326464+00:00] Error.ERROR: Error page opened [{"Scern\\Lira\\Event":{"source":null,"event_name":"needToLog","message":"Error page opened","code":0,"params":[]}}] []
[2023-06-17T09:15:48.855745+00:00] Error.ERROR: Error page opened [{"Scern\\Lira\\Event":{"source":null,"event_name":"needToLog","message":"Error page opened","code":0,"params":[]}}] []
[2023-06-17T09:16:11.405609+00:00] Error.ERROR: Error page opened [{"Scern\\Lira\\Event":{"source":null,"event_name":"needToLog","message":"Error page opened","code":0,"params":[]}}] []
[2023-06-17T09:16:11.855758+00:00] Error.ERROR: Error page opened [{"Scern\\Lira\\Event":{"source":null,"event_name":"needToLog","message":"Error page opened","code":0,"params":[]}}] []
[2023-06-17T09:16:12.231643+00:00] Error.ERROR: Error page opened [{"Scern\\Lira\\Event":{"source":null,"event_name":"needToLog","message":"Error page opened","code":0,"params":[]}}] []
[2023-06-17T09:17:05.995741+00:00] Error.ERROR: Error page opened [{"Scern\\Lira\\Event":{"source":null,"event_name":"needToLog","message":"Error page opened","code":0,"params":[]}}] []
[2023-06-17T09:41:52.287481+00:00] Error.ERROR: Error page opened [{"Scern\\Lira\\Event":{"source":null,"event_name":"needToLog","message":"Error page opened","code":0,"params":[]}}] []
[2023-06-17T09:56:29.376750+00:00] Error.ERROR: Error page opened [{"Scern\\Lira\\Event":{"source":null,"event_name":"needToLog","message":"Error page opened","code":0,"params":[]}}] []
[2023-06-17T10:01:33.195683+00:00] Error.ERROR: Error page opened [{"Scern\\Lira\\Event":{"source":null,"event_name":"needToLog","message":"Error page opened","code":0,"params":[]}}] []
[2023-06-17T10:08:28.160931+00:00] Error.ERROR: Error page opened [{"Scern\\Lira\\Event":{"source":null,"event_name":"needToLog","message":"Error page opened","code":0,"params":[]}}] []
[2023-06-17T10:31:35.775638+00:00] Error.ERROR: Error page opened [{"Scern\\Lira\\Event":{"source":null,"event_name":"needToLog","message":"Error page opened","code":0,"params":[]}}] []
[2023-06-17T12:24:58.882841+00:00] Error.ERROR: Error page opened [{"Scern\\Lira\\Event":{"source":null,"event_name":"needToLog","message":"Error page opened","code":0,"params":[]}}] []
[2023-06-17T12:28:01.183712+00:00] Error.ERROR: Error page opened [{"Scern\\Lira\\Event":{"source":null,"event_name":"needToLog","message":"Error page opened","code":0,"params":[]}}] []
[2023-06-17T12:28:05.345369+00:00] Error.ERROR: Error page opened [{"Scern\\Lira\\Event":{"source":null,"event_name":"needToLog","message":"Error page opened","code":0,"params":[]}}] []
[2023-06-17T12:28:59.695484+00:00] Error.ERROR: Error page opened [{"Scern\\Lira\\Event":{"source":null,"event_name":"needToLog","message":"Error page opened","code":0,"params":[]}}] []
[2023-06-17T12:29:25.535479+00:00] Error.ERROR: Error page opened [{"Scern\\Lira\\Event":{"source":null,"event_name":"needToLog","message":"Error page opened","code":0,"params":[]}}] []
[2023-06-17T12:32:26.566305+00:00] Error.ERROR: Error page opened [{"Scern\\Lira\\Event":{"source":null,"event_name":"needToLog","message":"Error page opened","code":0,"params":[]}}] []
[2023-06-17T12:32:49.334935+00:00] Error.ERROR: Error page opened [{"Scern\\Lira\\Event":{"source":null,"event_name":"needToLog","message":"Error page opened","code":0,"params":[]}}] []
[2023-06-17T12:32:50.896591+00:00] Error.ERROR: Error page opened [{"Scern\\Lira\\Event":{"source":null,"event_name":"needToLog","message":"Error page opened","code":0,"params":[]}}] []
[2023-06-17T12:33:01.409139+00:00] Error.ERROR: Error page opened [{"Scern\\Lira\\Event":{"source":null,"event_name":"needToLog","message":"Error page opened","code":0,"params":[]}}] []
[2023-06-17T12:33:09.621835+00:00] Error.ERROR: Error page opened [{"Scern\\Lira\\Event":{"source":null,"event_name":"needToLog","message":"Error page opened","code":0,"params":[]}}] []
[2023-06-17T12:33:12.963871+00:00] Error.ERROR: Error page opened [{"Scern\\Lira\\Event":{"source":null,"event_name":"needToLog","message":"Error page opened","code":0,"params":[]}}] []
[2023-06-19T17:14:06.514576+00:00] Error.ERROR: Error page opened [{"Scern\\Lira\\Event":{"source":null,"event_name":"needToLog","message":"Error page opened","code":0,"params":[]}}] []
[2023-06-20T04:20:54.158630+00:00] Error.ERROR: Error page opened [{"Scern\\Lira\\Event":{"source":null,"event_name":"needToLog","message":"Error page opened","code":0,"params":[]}}] []
[2023-06-20T05:08:56.630957+00:00] Error.ERROR: Error page opened [{"Scern\\Lira\\Event":{"source":null,"event_name":"needToLog","message":"Error page opened","code":0,"params":[]}}] []
[2023-06-20T05:09:28.705385+00:00] Error.ERROR: Error page opened [{"Scern\\Lira\\Event":{"source":null,"event_name":"needToLog","message":"Error page opened","code":0,"params":[]}}] []
[2023-06-20T05:10:17.996306+00:00] Error.ERROR: Error page opened [{"Scern\\Lira\\Event":{"source":null,"event_name":"needToLog","message":"Error page opened","code":0,"params":[]}}] []
[2023-06-20T05:11:09.807974+00:00] Error.ERROR: Error page opened [{"Scern\\Lira\\Event":{"source":null,"event_name":"needToLog","message":"Error page opened","code":0,"params":[]}}] []
[2023-06-20T05:11:10.300170+00:00] Error.ERROR: Error page opened [{"Scern\\Lira\\Event":{"source":null,"event_name":"needToLog","message":"Error page opened","code":0,"params":[]}}] []
[2023-06-20T05:11:10.758549+00:00] Error.ERROR: Error page opened [{"Scern\\Lira\\Event":{"source":null,"event_name":"needToLog","message":"Error page opened","code":0,"params":[]}}] []
[2023-06-20T05:14:42.145341+00:00] Error.ERROR: Error page opened [{"Scern\\Lira\\Event":{"source":null,"event_name":"needToLog","message":"Error page opened","code":0,"params":[]}}] []
[2023-06-20T05:20:59.760297+00:00] Error.ERROR: Error page opened [{"Scern\\Lira\\Event":{"source":null,"event_name":"needToLog","message":"Error page opened","code":0,"params":[]}}] []
[2023-06-20T06:04:09.404972+00:00] Error.ERROR: Error page opened [{"Scern\\Lira\\Event":{"source":null,"event_name":"needToLog","message":"Error page opened","code":0,"params":[]}}] []
[2023-06-20T06:04:10.270157+00:00] Error.ERROR: Error page opened [{"Scern\\Lira\\Event":{"source":null,"event_name":"needToLog","message":"Error page opened","code":0,"params":[]}}] []
[2023-06-20T06:04:16.594715+00:00] Error.ERROR: Error page opened [{"Scern\\Lira\\Event":{"source":null,"event_name":"needToLog","message":"Error page opened","code":0,"params":[]}}] []
[2023-06-20T06:04:17.807950+00:00] Error.ERROR: Error page opened [{"Scern\\Lira\\Event":{"source":null,"event_name":"needToLog","message":"Error page opened","code":0,"params":[]}}] []
[2023-06-20T06:04:55.413986+00:00] Error.ERROR: Error page opened [{"Scern\\Lira\\Event":{"source":null,"event_name":"needToLog","message":"Error page opened","code":0,"params":[]}}] []
[2023-06-20T06:04:56.204983+00:00] Error.ERROR: Error page opened [{"Scern\\Lira\\Event":{"source":null,"event_name":"needToLog","message":"Error page opened","code":0,"params":[]}}] []
[2023-06-20T06:04:56.744639+00:00] Error.ERROR: Error page opened [{"Scern\\Lira\\Event":{"source":null,"event_name":"needToLog","message":"Error page opened","code":0,"params":[]}}] []
[2023-06-20T06:04:57.846760+00:00] Error.ERROR: Error page opened [{"Scern\\Lira\\Event":{"source":null,"event_name":"needToLog","message":"Error page opened","code":0,"params":[]}}] []
[2023-06-20T06:05:01.697071+00:00] Error.ERROR: Error page opened [{"Scern\\Lira\\Event":{"source":null,"event_name":"needToLog","message":"Error page opened","code":0,"params":[]}}] []
[2023-06-20T06:05:40.935532+00:00] Error.ERROR: Error page opened [{"Scern\\Lira\\Event":{"source":null,"event_name":"needToLog","message":"Error page opened","code":0,"params":[]}}] []
[2023-06-20T06:05:41.509549+00:00] Error.ERROR: Error page opened [{"Scern\\Lira\\Event":{"source":null,"event_name":"needToLog","message":"Error page opened","code":0,"params":[]}}] []
[2023-06-20T06:05:50.270454+00:00] Error.ERROR: Error page opened [{"Scern\\Lira\\Event":{"source":null,"event_name":"needToLog","message":"Error page opened","code":0,"params":[]}}] []
[2023-06-20T06:05:51.079988+00:00] Error.ERROR: Error page opened [{"Scern\\Lira\\Event":{"source":null,"event_name":"needToLog","message":"Error page opened","code":0,"params":[]}}] []
[2023-06-20T06:05:53.200353+00:00] Error.ERROR: Error page opened [{"Scern\\Lira\\Event":{"source":null,"event_name":"needToLog","message":"Error page opened","code":0,"params":[]}}] []
[2023-06-20T06:12:34.220977+00:00] Error.ERROR: Error page opened [{"Scern\\Lira\\Event":{"source":null,"event_name":"needToLog","message":"Error page opened","code":0,"params":[]}}] []
[2023-06-20T06:30:39.878180+00:00] Error.ERROR: Error page opened [{"Scern\\Lira\\Event":{"source":null,"event_name":"needToLog","message":"Error page opened","code":0,"params":[]}}] []
[2023-06-20T07:54:16.484504+00:00] Error.ERROR: Error page opened [{"Scern\\Lira\\Event":{"source":null,"event_name":"needToLog","message":"Error page opened","code":0,"params":[]}}] []
[2023-06-20T07:54:21.556413+00:00] Error.ERROR: Error page opened [{"Scern\\Lira\\Event":{"source":null,"event_name":"needToLog","message":"Error page opened","code":0,"params":[]}}] []
[2023-06-20T07:54:24.919943+00:00] Error.ERROR: Error page opened [{"Scern\\Lira\\Event":{"source":null,"event_name":"needToLog","message":"Error page opened","code":0,"params":[]}}] []
[2023-06-20T07:54:25.746810+00:00] Error.ERROR: Error page opened [{"Scern\\Lira\\Event":{"source":null,"event_name":"needToLog","message":"Error page opened","code":0,"params":[]}}] []
[2023-06-20T07:54:27.160011+00:00] Error.ERROR: Error page opened [{"Scern\\Lira\\Event":{"source":null,"event_name":"needToLog","message":"Error page opened","code":0,"params":[]}}] []
[2023-06-20T07:54:41.988553+00:00] Error.ERROR: Error page opened [{"Scern\\Lira\\Event":{"source":null,"event_name":"needToLog","message":"Error page opened","code":0,"params":[]}}] []
[2023-06-20T07:54:42.610083+00:00] Error.ERROR: Error page opened [{"Scern\\Lira\\Event":{"source":null,"event_name":"needToLog","message":"Error page opened","code":0,"params":[]}}] []
[2023-06-20T08:15:21.010134+00:00] Error.ERROR: Error page opened [{"Scern\\Lira\\Event":{"source":null,"event_name":"needToLog","message":"Error page opened","code":0,"params":[]}}] []
[2023-06-20T08:15:21.737621+00:00] Error.ERROR: Error page opened [{"Scern\\Lira\\Event":{"source":null,"event_name":"needToLog","message":"Error page opened","code":0,"params":[]}}] []
[2023-06-20T08:15:28.590859+00:00] Error.ERROR: Error page opened [{"Scern\\Lira\\Event":{"source":null,"event_name":"needToLog","message":"Error page opened","code":0,"params":[]}}] []
[2023-06-20T08:15:29.027766+00:00] Error.ERROR: Error page opened [{"Scern\\Lira\\Event":{"source":null,"event_name":"needToLog","message":"Error page opened","code":0,"params":[]}}] []
[2023-06-20T08:16:05.363637+00:00] Error.ERROR: Error page opened [{"Scern\\Lira\\Event":{"source":null,"event_name":"needToLog","message":"Error page opened","code":0,"params":[]}}] []
[2023-06-20T08:16:08.468739+00:00] Error.ERROR: Error page opened [{"Scern\\Lira\\Event":{"source":null,"event_name":"needToLog","message":"Error page opened","code":0,"params":[]}}] []
[2023-06-20T08:18:40.061631+00:00] Error.ERROR: Error page opened [{"Scern\\Lira\\Event":{"source":null,"event_name":"needToLog","message":"Error page opened","code":0,"params":[]}}] []
[2023-06-20T08:18:44.468704+00:00] Error.ERROR: Error page opened [{"Scern\\Lira\\Event":{"source":null,"event_name":"needToLog","message":"Error page opened","code":0,"params":[]}}] []
[2023-06-20T08:18:51.287092+00:00] Error.ERROR: Error page opened [{"Scern\\Lira\\Event":{"source":null,"event_name":"needToLog","message":"Error page opened","code":0,"params":[]}}] []
[2023-06-20T08:18:58.359848+00:00] Error.ERROR: Error page opened [{"Scern\\Lira\\Event":{"source":null,"event_name":"needToLog","message":"Error page opened","code":0,"params":[]}}] []
[2023-06-20T08:21:25.525174+00:00] Error.ERROR: Error page opened [{"Scern\\Lira\\Event":{"source":null,"event_name":"needToLog","message":"Error page opened","code":0,"params":[]}}] []
[2023-06-20T08:21:29.313653+00:00] Error.ERROR: Error page opened [{"Scern\\Lira\\Event":{"source":null,"event_name":"needToLog","message":"Error page opened","code":0,"params":[]}}] []
[2023-06-20T08:21:34.542387+00:00] Error.ERROR: Error page opened [{"Scern\\Lira\\Event":{"source":null,"event_name":"needToLog","message":"Error page opened","code":0,"params":[]}}] []
[2023-06-20T08:45:57.685324+00:00] Error.ERROR: Error page opened [{"Scern\\Lira\\Event":{"source":null,"event_name":"needToLog","message":"Error page opened","code":0,"params":[]}}] []
[2023-06-20T08:53:16.908809+00:00] Error.ERROR: Error page opened [{"Scern\\Lira\\Event":{"source":null,"event_name":"needToLog","message":"Error page opened","code":0,"params":[]}}] []
[2023-06-20T08:53:46.784314+00:00] Error.ERROR: Error page opened [{"Scern\\Lira\\Event":{"source":null,"event_name":"needToLog","message":"Error page opened","code":0,"params":[]}}] []
[2023-06-20T09:12:26.980792+00:00] Error.ERROR: Error page opened [{"Scern\\Lira\\Event":{"source":null,"event_name":"needToLog","message":"Error page opened","code":0,"params":[]}}] []
[2023-06-20T09:12:28.051513+00:00] Error.ERROR: Error page opened [{"Scern\\Lira\\Event":{"source":null,"event_name":"needToLog","message":"Error page opened","code":0,"params":[]}}] []
[2023-06-20T09:12:54.139761+00:00] Error.ERROR: Error page opened [{"Scern\\Lira\\Event":{"source":null,"event_name":"needToLog","message":"Error page opened","code":0,"params":[]}}] []
[2023-06-20T09:12:56.583561+00:00] Error.ERROR: Error page opened [{"Scern\\Lira\\Event":{"source":null,"event_name":"needToLog","message":"Error page opened","code":0,"params":[]}}] []
[2023-06-20T11:32:47.389626+00:00] Error.ERROR: Error page opened [{"Scern\\Lira\\Event":{"source":null,"event_name":"needToLog","message":"Error page opened","code":0,"params":[]}}] []
[2023-06-20T11:32:51.273718+00:00] Error.ERROR: Error page opened [{"Scern\\Lira\\Event":{"source":null,"event_name":"needToLog","message":"Error page opened","code":0,"params":[]}}] []
[2023-06-20T11:33:02.104008+00:00] Error.ERROR: Error page opened [{"Scern\\Lira\\Event":{"source":null,"event_name":"needToLog","message":"Error page opened","code":0,"params":[]}}] []
[2023-06-20T11:33:23.858314+00:00] Error.ERROR: Error page opened [{"Scern\\Lira\\Event":{"source":null,"event_name":"needToLog","message":"Error page opened","code":0,"params":[]}}] []
[2023-06-20T11:34:00.482484+00:00] Error.ERROR: Error page opened [{"Scern\\Lira\\Event":{"source":null,"event_name":"needToLog","message":"Error page opened","code":0,"params":[]}}] []
[2023-06-20T11:35:02.829234+00:00] Error.ERROR: Error page opened [{"Scern\\Lira\\Event":{"source":null,"event_name":"needToLog","message":"Error page opened","code":0,"params":[]}}] []
[2023-06-20T11:35:03.936934+00:00] Error.ERROR: Error page opened [{"Scern\\Lira\\Event":{"source":null,"event_name":"needToLog","message":"Error page opened","code":0,"params":[]}}] []
[2023-06-20T11:57:08.859466+00:00] Error.ERROR: Error page opened [{"Scern\\Lira\\Event":{"source":null,"event_name":"needToLog","message":"Error page opened","code":0,"params":[]}}] []
[2023-06-20T11:57:11.525919+00:00] Error.ERROR: Error page opened [{"Scern\\Lira\\Event":{"source":null,"event_name":"needToLog","message":"Error page opened","code":0,"params":[]}}] []
[2023-06-20T11:57:55.254358+00:00] Error.ERROR: Error page opened [{"Scern\\Lira\\Event":{"source":null,"event_name":"needToLog","message":"Error page opened","code":0,"params":[]}}] []
[2023-06-20T11:57:57.278349+00:00] Error.ERROR: Error page opened [{"Scern\\Lira\\Event":{"source":null,"event_name":"needToLog","message":"Error page opened","code":0,"params":[]}}] []
[2023-06-20T11:57:59.602186+00:00] Error.ERROR: Error page opened [{"Scern\\Lira\\Event":{"source":null,"event_name":"needToLog","message":"Error page opened","code":0,"params":[]}}] []
[2023-06-20T11:58:17.939530+00:00] Error.ERROR: Error page opened [{"Scern\\Lira\\Event":{"source":null,"event_name":"needToLog","message":"Error page opened","code":0,"params":[]}}] []
[2023-06-20T12:01:58.029591+00:00] Error.ERROR: Error page opened [{"Scern\\Lira\\Event":{"source":null,"event_name":"needToLog","message":"Error page opened","code":0,"params":[]}}] []
[2023-06-20T12:02:32.139593+00:00] Error.ERROR: Error page opened [{"Scern\\Lira\\Event":{"source":null,"event_name":"needToLog","message":"Error page opened","code":0,"params":[]}}] []
[2023-06-20T12:02:33.153693+00:00] Error.ERROR: Error page opened [{"Scern\\Lira\\Event":{"source":null,"event_name":"needToLog","message":"Error page opened","code":0,"params":[]}}] []
[2023-06-20T12:02:33.879592+00:00] Error.ERROR: Error page opened [{"Scern\\Lira\\Event":{"source":null,"event_name":"needToLog","message":"Error page opened","code":0,"params":[]}}] []
[2023-06-20T12:02:34.398380+00:00] Error.ERROR: Error page opened [{"Scern\\Lira\\Event":{"source":null,"event_name":"needToLog","message":"Error page opened","code":0,"params":[]}}] []
[2023-06-20T12:02:34.870532+00:00] Error.ERROR: Error page opened [{"Scern\\Lira\\Event":{"source":null,"event_name":"needToLog","message":"Error page opened","code":0,"params":[]}}] []
[2023-06-20T12:02:56.893848+00:00] Error.ERROR: Error page opened [{"Scern\\Lira\\Event":{"source":null,"event_name":"needToLog","message":"Error page opened","code":0,"params":[]}}] []
[2023-06-20T12:02:57.530017+00:00] Error.ERROR: Error page opened [{"Scern\\Lira\\Event":{"source":null,"event_name":"needToLog","message":"Error page opened","code":0,"params":[]}}] []
[2023-06-20T12:02:58.189663+00:00] Error.ERROR: Error page opened [{"Scern\\Lira\\Event":{"source":null,"event_name":"needToLog","message":"Error page opened","code":0,"params":[]}}] []
[2023-06-20T12:03:07.287268+00:00] Error.ERROR: Error page opened [{"Scern\\Lira\\Event":{"source":null,"event_name":"needToLog","message":"Error page opened","code":0,"params":[]}}] []
[2023-06-20T16:04:22.318902+00:00] Error.ERROR: Error page opened [{"Scern\\Lira\\Event":{"source":null,"event_name":"needToLog","message":"Error page opened","code":0,"params":[]}}] []
[2023-06-20T17:03:14.529539+00:00] Error.ERROR: Error page opened [{"Scern\\Lira\\Event":{"source":null,"event_name":"needToLog","message":"Error page opened","code":0,"params":[]}}] []
[2023-06-20T17:03:20.097386+00:00] Error.ERROR: Error page opened [{"Scern\\Lira\\Event":{"source":null,"event_name":"needToLog","message":"Error page opened","code":0,"params":[]}}] []
[2023-06-20T17:03:20.885952+00:00] Error.ERROR: Error page opened [{"Scern\\Lira\\Event":{"source":null,"event_name":"needToLog","message":"Error page opened","code":0,"params":[]}}] []
[2023-06-21T03:14:08.089265+00:00] Error.ERROR: Error page opened [{"Scern\\Lira\\Event":{"source":null,"event_name":"needToLog","message":"Error page opened","code":0,"params":[]}}] []
[2023-06-21T03:14:12.048373+00:00] Error.ERROR: Error page opened [{"Scern\\Lira\\Event":{"source":null,"event_name":"needToLog","message":"Error page opened","code":0,"params":[]}}] []
[2023-06-21T03:14:16.658876+00:00] Error.ERROR: Error page opened [{"Scern\\Lira\\Event":{"source":null,"event_name":"needToLog","message":"Error page opened","code":0,"params":[]}}] []
[2023-06-21T03:14:18.956635+00:00] Error.ERROR: Error page opened [{"Scern\\Lira\\Event":{"source":null,"event_name":"needToLog","message":"Error page opened","code":0,"params":[]}}] []
[2023-06-21T03:14:22.610526+00:00] Error.ERROR: Error page opened [{"Scern\\Lira\\Event":{"source":null,"event_name":"needToLog","message":"Error page opened","code":0,"params":[]}}] []
[2023-06-21T03:14:23.263724+00:00] Error.ERROR: Error page opened [{"Scern\\Lira\\Event":{"source":null,"event_name":"needToLog","message":"Error page opened","code":0,"params":[]}}] []
[2023-06-21T03:39:09.225487+00:00] Error.ERROR: Error page opened [{"Scern\\Lira\\Event":{"source":null,"event_name":"needToLog","message":"Error page opened","code":0,"params":[]}}] []
[2023-06-21T03:39:14.962701+00:00] Error.ERROR: Error page opened [{"Scern\\Lira\\Event":{"source":null,"event_name":"needToLog","message":"Error page opened","code":0,"params":[]}}] []
[2023-06-21T03:40:02.995335+00:00] Error.ERROR: Error page opened [{"Scern\\Lira\\Event":{"source":null,"event_name":"needToLog","message":"Error page opened","code":0,"params":[]}}] []
[2023-06-21T03:40:05.424124+00:00] Error.ERROR: Error page opened [{"Scern\\Lira\\Event":{"source":null,"event_name":"needToLog","message":"Error page opened","code":0,"params":[]}}] []
[2023-06-21T03:40:32.436730+00:00] Error.ERROR: Error page opened [{"Scern\\Lira\\Event":{"source":null,"event_name":"needToLog","message":"Error page opened","code":0,"params":[]}}] []
[2023-06-21T03:40:32.968222+00:00] Error.ERROR: Error page opened [{"Scern\\Lira\\Event":{"source":null,"event_name":"needToLog","message":"Error page opened","code":0,"params":[]}}] []
[2023-06-21T03:40:33.302294+00:00] Error.ERROR: Error page opened [{"Scern\\Lira\\Event":{"source":null,"event_name":"needToLog","message":"Error page opened","code":0,"params":[]}}] []
[2023-06-21T03:49:37.777134+00:00] Error.ERROR: Error page opened [{"Scern\\Lira\\Event":{"source":null,"event_name":"needToLog","message":"Error page opened","code":0,"params":[]}}] []
[2023-06-21T03:49:38.618324+00:00] Error.ERROR: Error page opened [{"Scern\\Lira\\Event":{"source":null,"event_name":"needToLog","message":"Error page opened","code":0,"params":[]}}] []
[2023-06-21T03:49:40.775638+00:00] Error.ERROR: Error page opened [{"Scern\\Lira\\Event":{"source":null,"event_name":"needToLog","message":"Error page opened","code":0,"params":[]}}] []
[2023-06-21T03:50:24.507921+00:00] Error.ERROR: Error page opened [{"Scern\\Lira\\Event":{"source":null,"event_name":"needToLog","message":"Error page opened","code":0,"params":[]}}] []
[2023-06-21T03:50:38.917260+00:00] Error.ERROR: Error page opened [{"Scern\\Lira\\Event":{"source":null,"event_name":"needToLog","message":"Error page opened","code":0,"params":[]}}] []
[2023-06-21T03:50:40.898354+00:00] Error.ERROR: Error page opened [{"Scern\\Lira\\Event":{"source":null,"event_name":"needToLog","message":"Error page opened","code":0,"params":[]}}] []
[2023-06-21T04:21:38.756987+00:00] Error.ERROR: Error page opened [{"Scern\\Lira\\Event":{"source":null,"event_name":"needToLog","message":"Error page opened","code":0,"params":[]}}] []
[2023-06-21T04:36:32.103032+00:00] Error.ERROR: Error page opened [{"Scern\\Lira\\Event":{"source":null,"event_name":"needToLog","message":"Error page opened","code":0,"params":[]}}] []
[2023-06-21T04:53:30.808360+00:00] Error.ERROR: Error page opened [{"Scern\\Lira\\Event":{"source":null,"event_name":"needToLog","message":"Error page opened","code":0,"params":[]}}] []
[2023-06-21T04:59:57.103398+00:00] Error.ERROR: Error page opened [{"Scern\\Lira\\Event":{"source":null,"event_name":"needToLog","message":"Error page opened","code":0,"params":[]}}] []
[2023-06-25T16:00:56.130503+00:00] Error.ERROR: Error page opened [{"Scern\\Lira\\Event":{"source":null,"event_name":"needToLog","message":"Error page opened","code":0,"params":[]}}] []
[2023-06-25T16:01:21.415618+00:00] Error.ERROR: Error page opened [{"Scern\\Lira\\Event":{"source":null,"event_name":"needToLog","message":"Error page opened","code":0,"params":[]}}] []
[2023-06-27T03:16:25.645728+00:00] Error.ERROR: Error page opened [{"Scern\\Lira\\Event":{"source":null,"event_name":"needToLog","message":"Error page opened","code":0,"params":[]}}] []
[2023-06-27T03:16:37.684286+00:00] Error.ERROR: Error page opened [{"Scern\\Lira\\Event":{"source":null,"event_name":"needToLog","message":"Error page opened","code":0,"params":[]}}] []
[2023-06-27T04:19:33.209837+00:00] Error.ERROR: Error page opened [{"Scern\\Lira\\Event":{"source":null,"event_name":"needToLog","message":"Error page opened","code":0,"params":[]}}] []
[2023-06-27T04:19:34.185143+00:00] Error.ERROR: Error page opened [{"Scern\\Lira\\Event":{"source":null,"event_name":"needToLog","message":"Error page opened","code":0,"params":[]}}] []
[2023-06-27T12:39:54.855168+00:00] Error.ERROR: Error page opened [{"Scern\\Lira\\Event":{"source":null,"event_name":"needToLog","message":"Error page opened","code":0,"params":[]}}] []
[2023-06-27T12:40:01.714461+00:00] Error.ERROR: Error page opened [{"Scern\\Lira\\Event":{"source":null,"event_name":"needToLog","message":"Error page opened","code":0,"params":[]}}] []
[2023-06-27T12:40:05.105548+00:00] Error.ERROR: Error page opened [{"Scern\\Lira\\Event":{"source":null,"event_name":"needToLog","message":"Error page opened","code":0,"params":[]}}] []
[2023-06-27T12:40:06.170370+00:00] Error.ERROR: Error page opened [{"Scern\\Lira\\Event":{"source":null,"event_name":"needToLog","message":"Error page opened","code":0,"params":[]}}] []
[2023-06-27T12:40:09.304234+00:00] Error.ERROR: Error page opened [{"Scern\\Lira\\Event":{"source":null,"event_name":"needToLog","message":"Error page opened","code":0,"params":[]}}] []
[2023-06-27T12:40:09.973653+00:00] Error.ERROR: Error page opened [{"Scern\\Lira\\Event":{"source":null,"event_name":"needToLog","message":"Error page opened","code":0,"params":[]}}] []
[2023-06-27T12:42:31.604387+00:00] Error.ERROR: Error page opened [{"Scern\\Lira\\Event":{"source":null,"event_name":"needToLog","message":"Error page opened","code":0,"params":[]}}] []
[2023-06-27T12:42:32.505868+00:00] Error.ERROR: Error page opened [{"Scern\\Lira\\Event":{"source":null,"event_name":"needToLog","message":"Error page opened","code":0,"params":[]}}] []
[2023-06-27T16:48:07.461069+00:00] Error.ERROR: Error page opened [{"Scern\\Lira\\Event":{"source":null,"event_name":"needToLog","message":"Error page opened","code":0,"params":[]}}] []
[2023-06-27T16:48:08.092361+00:00] Error.ERROR: Error page opened [{"Scern\\Lira\\Event":{"source":null,"event_name":"needToLog","message":"Error page opened","code":0,"params":[]}}] []
