[2023-05-20T06:03:19.464600+00:00] Event.INFO: Admin logout successful [] []
[2023-05-20T06:03:40.314345+00:00] Event.INFO: Admin login successful [] []
[2023-05-20T06:03:50.021679+00:00] Event.INFO: Admin logout successful [] []
[2023-05-20T09:03:29.729852+00:00] Event.INFO: Admin login successful [] []
[2023-05-20T09:38:12.730716+00:00] Event.INFO: Admin logout successful [] []
[2023-05-20T09:38:16.710235+00:00] Event.INFO: Admin login successful [] []
[2023-05-20T09:38:57.102768+00:00] Event.INFO: Admin logout successful [] []
[2023-05-20T09:39:00.721705+00:00] Event.INFO: Admin login successful [] []
[2023-05-20T09:39:36.931508+00:00] Event.INFO: Admin logout successful [] []
[2023-05-20T09:39:43.159421+00:00] Event.INFO: Admin login successful [] []
[2023-06-04T13:52:21.561634+00:00] Event.INFO: Try to login  [] []
[2023-06-04T13:52:27.297852+00:00] Event.INFO: Try to login scern [] []
[2023-06-04T13:52:27.363510+00:00] Event.INFO: Admin  logged in [] []
[2023-06-04T13:52:33.957815+00:00] Event.INFO: Admin Scern logout [] []
[2023-06-04T13:52:45.658457+00:00] Event.INFO: Try to login galina [] []
[2023-06-04T13:52:45.718883+00:00] Event.INFO: Admin  logged in [] []
[2023-06-04T13:52:53.197373+00:00] Event.INFO: Admin Galina logout [] []
[2023-06-04T13:52:57.092613+00:00] Event.INFO: Try to login scern [] []
[2023-06-04T13:52:57.156588+00:00] Event.INFO: Admin  logged in [] []
[2023-06-04T15:05:48.738687+00:00] Event.INFO: Try to login scern [] []
[2023-06-04T15:05:48.797228+00:00] Event.INFO: Admin  logged in [] []
[2023-06-04T16:55:58.800754+00:00] Event.INFO: Try to login scern [] []
[2023-06-04T16:55:58.858903+00:00] Event.INFO: Admin  logged in [] []
[2023-06-04T16:56:29.435028+00:00] Event.INFO: Admin Scern logout [] []
[2023-06-04T16:56:33.763463+00:00] Event.INFO: Try to login galina [] []
[2023-06-04T16:56:38.335828+00:00] Event.INFO: Try to login galina [] []
[2023-06-04T16:56:38.396352+00:00] Event.INFO: Admin  logged in [] []
[2023-06-04T16:56:47.833626+00:00] Event.INFO: Admin Galina Didenko logout [] []
[2023-06-04T16:56:52.205368+00:00] Event.INFO: Try to login scern [] []
[2023-06-04T16:56:52.265975+00:00] Event.INFO: Admin  logged in [] []
[2023-06-04T18:24:09.180547+00:00] Event.INFO: Admin  logout [] []
[2023-06-04T18:24:39.688358+00:00] Event.INFO: Try to login  [] []
[2023-06-04T18:24:42.915800+00:00] Event.INFO: Try to login scern [] []
[2023-06-04T18:24:42.977303+00:00] Event.INFO: Admin  logged in [] []
[2023-06-04T18:24:48.101447+00:00] Event.INFO: Admin Scern logout [] []
[2023-06-04T18:24:51.851397+00:00] Event.INFO: Try to login galina [] []
[2023-06-04T18:24:51.909696+00:00] Event.INFO: Admin  logged in [] []
[2023-06-04T18:25:55.005110+00:00] Event.INFO: Admin Galina Didenko logout [] []
[2023-06-04T18:30:55.744199+00:00] Event.INFO: Try to login scern [] []
[2023-06-04T18:30:55.814242+00:00] Event.INFO: Admin  logged in [] []
[2023-06-04T18:31:12.781074+00:00] Event.INFO: Admin Scern logout [] []
[2023-06-04T18:31:17.161185+00:00] Event.INFO: Try to login scern [] []
[2023-06-04T18:31:17.222004+00:00] Event.INFO: Admin  logged in [] []
[2023-06-04T18:31:22.312774+00:00] Event.INFO: Admin Scern logout [] []
[2023-06-04T18:32:39.404457+00:00] Event.INFO: Try to login scern [] []
[2023-06-04T18:32:39.464029+00:00] Event.INFO: Admin  logged in [] []
[2023-06-04T19:51:46.422616+00:00] Event.INFO: Try to login scern [] []
[2023-06-04T19:51:46.508720+00:00] Event.INFO: Admin  logged in [] []
[2023-06-04T20:05:22.101502+00:00] Event.INFO: Admin Scern logout [] []
[2023-06-04T20:21:16.843902+00:00] Event.INFO: Try to login scern [] []
[2023-06-04T20:21:16.904590+00:00] Event.INFO: Admin  logged in [] []
[2023-06-04T20:39:10.143820+00:00] Event.INFO: Admin Scern logout [] []
[2023-06-04T21:10:21.287689+00:00] Event.INFO: Try to login scern [] []
[2023-06-04T21:10:21.347384+00:00] Event.INFO: Admin  logged in [] []
[2023-06-04T21:15:15.736003+00:00] Event.INFO: Admin Scern logout [] []
[2023-06-04T21:20:58.941829+00:00] Event.INFO: Try to login scern [] []
[2023-06-04T21:20:59.002470+00:00] Event.INFO: Admin  logged in [] []
[2023-06-04T21:21:16.460966+00:00] Event.INFO: Admin Dmitrii logout [] []
[2023-06-04T21:22:38.864238+00:00] Event.INFO: Try to login scern [] []
[2023-06-04T21:22:38.925316+00:00] Event.INFO: Admin  logged in [] []
[2023-06-04T21:39:07.235007+00:00] Event.INFO: Try to login scern [] []
[2023-06-04T21:39:07.296142+00:00] Event.INFO: Admin  logged in [] []
[2023-06-04T21:55:35.736725+00:00] Event.INFO: Admin Dmitrii logout [] []
[2023-06-04T21:57:41.955071+00:00] Event.INFO: Try to login scern [] []
[2023-06-04T21:57:42.017109+00:00] Event.INFO: Admin  logged in [] []
[2023-06-04T21:57:50.022992+00:00] Event.INFO: Admin Dmitrii logout [] []
[2023-06-04T22:12:42.083535+00:00] Event.INFO: Try to login scern [] []
[2023-06-04T22:12:42.175503+00:00] Event.INFO: Admin  logged in [] []
[2023-06-04T22:14:58.038040+00:00] Event.INFO: Admin Dmitrii logout [] []
[2023-06-04T22:22:01.879850+00:00] Event.INFO: Try to login scern [] []
[2023-06-04T22:22:01.973667+00:00] Event.INFO: Admin  logged in [] []
[2023-06-04T22:30:24.320415+00:00] Event.INFO: Admin Dmitrii Didenko logout [] []
[2023-06-04T22:30:34.326160+00:00] Event.INFO: Try to login zmey@ardee.ru [] []
[2023-06-04T22:30:34.419120+00:00] Event.INFO: Admin  logged in [] []
[2023-06-04T22:30:37.673486+00:00] Event.INFO: Admin Арсений Диденко logout [] []
[2023-06-04T22:30:44.569300+00:00] Event.INFO: Try to login alisa [] []
[2023-06-04T22:30:49.046134+00:00] Event.INFO: Try to login scern [] []
[2023-06-04T22:30:49.138490+00:00] Event.INFO: Admin  logged in [] []
[2023-06-07T07:38:46.070403+00:00] Event.INFO: Try to login scern [] []
[2023-06-07T07:38:46.360965+00:00] Event.INFO: Admin  logged in [] []
[2023-06-07T10:26:59.847179+00:00] Event.INFO: Try to login scern [] []
[2023-06-07T10:26:59.986203+00:00] Event.INFO: Admin  logged in [] []
[2023-06-07T10:27:02.988338+00:00] Event.INFO: Admin Dmitrii Didenko logout [] []
[2023-06-07T11:16:34.159794+00:00] Event.INFO: Try to login scern [] []
[2023-06-07T11:16:37.685012+00:00] Event.INFO: Try to login scern [] []
[2023-06-07T11:16:37.746724+00:00] Event.INFO: Admin  logged in [] []
[2023-06-07T18:35:43.218575+00:00] Event.INFO: Try to login scern [] []
[2023-06-07T18:35:43.276069+00:00] Event.INFO: Admin  logged in [] []
